<?xml version="1.0" encoding="UTF-8"?>
<!-- Generated by org.testng.reporters.JUnitXMLReporter -->
<testsuite hostname="DESKTOP-IUG8IPR" name="Test" tests="2" failures="2" timestamp="15 Mar 2020 09:04:18 GMT" time="0.044" errors="0">
  <testcase name="testBlank" time="0.0" classname="com.jbk.LoginTestCaseWithoutDataProvider">
    <failure type="java.lang.NullPointerException">
      <![CDATA[java.lang.NullPointerException
	at com.jbk.LoginTestCaseWithoutDataProvider.testBlank(LoginTestCaseWithoutDataProvider.java:12)
... Removed 24 stack frames]]>
    </failure>
  </testcase> <!-- testBlank -->
  <testcase name="testInvalid" time="0.0" classname="com.jbk.LoginTestCaseWithoutDataProvider">
    <failure type="java.lang.NullPointerException">
      <![CDATA[java.lang.NullPointerException
	at com.jbk.LoginTestCaseWithoutDataProvider.testInvalid(LoginTestCaseWithoutDataProvider.java:32)
... Removed 24 stack frames]]>
    </failure>
  </testcase> <!-- testInvalid -->
</testsuite> <!-- Test -->
